Java version: 1.8.0_291
Number of items: 52
Successful connection to the database.
Org: MANA Project Supp 5
Org: MANA Project Supp 1.
Org: MANA Project Supp 2.
Org: MANA.
Org: MANA Project Supp 4.
Org: MANA Project Supp 3.
Org: VAS2.
Org: MELA Site Eng 2.
Successful connection to the database.
Successful connection to the database.
Successful connection to the database.
Successful connection to the database.
Successful connection to the database.
Successful connection to the database.
Query: com.mysql.cj.jdbc.ClientPreparedStatement: DELETE FROM service_package WHERE id = 'COP-ROG-11'
Successful connection to the database.
Successful connection to the database.
Query: com.mysql.cj.jdbc.ClientPreparedStatement: INSERT INTO service_package (id, Team, Customer_Unit, Service_Package, Billable) VALUES ('FMS-ATT-11', 'FMS', 'AT&T', 'NEW PACKAGE', 'Billable')
Successful connection to the database.
Successful connection to the database.
Query: com.mysql.cj.jdbc.ClientPreparedStatement: DELETE FROM service_package WHERE id = 'FMS-ATT-11'
Successful connection to the database.
